#############################################################################################################################
MT_CONF=0
Nthreads: 1  Runtime(sec): 10  Workload: 100/0/0  Throughput(Kops/sec): 150.31

MT_CONF=0,1
Nthreads: 2  Runtime(sec): 10  Workload: 100/0/0  Throughput(Kops/sec): 301.92

MT_CONF=0,1,2,3
Nthreads: 4  Runtime(sec): 10  Workload: 100/0/0  Throughput(Kops/sec): 579.96

MT_CONF=0,1,2,3,4,5,6,7
Nthreads: 8  Runtime(sec): 10  Workload: 100/0/0  Throughput(Kops/sec): 972.80

MT_CONF=0,1,2,3,4,5,6,7,8,9,10,11,12,13,14,15
Nthreads: 16  Runtime(sec): 10  Workload: 100/0/0  Throughput(Kops/sec): 2157.14

MT_CONF=0,1,2,3,4,5,6,7,8,9,10,11,12,13,14,15,16,17,18,19,20,21,22,23,24,25,26,27,28,29,30,31
Nthreads: 32  Runtime(sec): 10  Workload: 100/0/0  Throughput(Kops/sec): 4296.76

MT_CONF=0,0,1,1,2,2,3,3,4,4,5,5,6,6,7,7,8,8,9,9,10,10,11,11,12,12,13,13,14,14,15,15,16,16,17,17,18,18,19,19,20,20,21,21,22,22,23,23,24,24,25,25,26,26,27,27,28,28,29,29,30,30,31,31
Nthreads: 64  Runtime(sec): 10  Workload: 100/0/0  Throughput(Kops/sec): 4278.92

MT_CONF=0,0,0,0,1,1,1,1,2,2,2,2,3,3,3,3,4,4,4,4,5,5,5,5,6,6,6,6,7,7,7,7,8,8,8,8,9,9,9,9,10,10,10,10,11,11,11,11,12,12,12,12,13,13,13,13,14,14,14,14,15,15,15,15,16,16,16,16,17,17,17,17,18,18,18,18,19,19,19,19,20,20,20,20,21,21,21,21,22,22,22,22,23,23,23,23,24,24,24,24,25,25,25,25,26,26,26,26,27,27,27,27,28,28,28,28,29,29,29,29,30,30,30,30,31,31,31,31
Nthreads: 128  Runtime(sec): 10  Workload: 100/0/0  Throughput(Kops/sec): 4300.58

#############################################################################################################################
MT_CONF=0
Nthreads: 1  Runtime(sec): 10  Workload: 80/10/10  Throughput(Kops/sec): 60.09

MT_CONF=0,1
Nthreads: 2  Runtime(sec): 10  Workload: 80/10/10  Throughput(Kops/sec): 117.01

MT_CONF=0,1,2,3
Nthreads: 4  Runtime(sec): 10  Workload: 80/10/10  Throughput(Kops/sec): 215.15

MT_CONF=0,1,2,3,4,5,6,7
Nthreads: 8  Runtime(sec): 10  Workload: 80/10/10  Throughput(Kops/sec): 316.15

MT_CONF=0,1,2,3,4,5,6,7,8,9,10,11,12,13,14,15
Nthreads: 16  Runtime(sec): 10  Workload: 80/10/10  Throughput(Kops/sec): 493.27

MT_CONF=0,1,2,3,4,5,6,7,8,9,10,11,12,13,14,15,16,17,18,19,20,21,22,23,24,25,26,27,28,29,30,31
Nthreads: 32  Runtime(sec): 10  Workload: 80/10/10  Throughput(Kops/sec): 852.70

MT_CONF=0,0,1,1,2,2,3,3,4,4,5,5,6,6,7,7,8,8,9,9,10,10,11,11,12,12,13,13,14,14,15,15,16,16,17,17,18,18,19,19,20,20,21,21,22,22,23,23,24,24,25,25,26,26,27,27,28,28,29,29,30,30,31,31
Nthreads: 64  Runtime(sec): 10  Workload: 80/10/10  Throughput(Kops/sec): 645.81

MT_CONF=0,0,0,0,1,1,1,1,2,2,2,2,3,3,3,3,4,4,4,4,5,5,5,5,6,6,6,6,7,7,7,7,8,8,8,8,9,9,9,9,10,10,10,10,11,11,11,11,12,12,12,12,13,13,13,13,14,14,14,14,15,15,15,15,16,16,16,16,17,17,17,17,18,18,18,18,19,19,19,19,20,20,20,20,21,21,21,21,22,22,22,22,23,23,23,23,24,24,24,24,25,25,25,25,26,26,26,26,27,27,27,27,28,28,28,28,29,29,29,29,30,30,30,30,31,31,31,31
Nthreads: 128  Runtime(sec): 10  Workload: 80/10/10  Throughput(Kops/sec): 465.50

#############################################################################################################################
MT_CONF=0
Nthreads: 1  Runtime(sec): 10  Workload: 20/40/40  Throughput(Kops/sec): 59.84

MT_CONF=0,1
Nthreads: 2  Runtime(sec): 10  Workload: 20/40/40  Throughput(Kops/sec): 117.80

MT_CONF=0,1,2,3
Nthreads: 4  Runtime(sec): 10  Workload: 20/40/40  Throughput(Kops/sec): 221.08

MT_CONF=0,1,2,3,4,5,6,7
Nthreads: 8  Runtime(sec): 10  Workload: 20/40/40  Throughput(Kops/sec): 338.69

MT_CONF=0,1,2,3,4,5,6,7,8,9,10,11,12,13,14,15
Nthreads: 16  Runtime(sec): 10  Workload: 20/40/40  Throughput(Kops/sec): 483.92

MT_CONF=0,1,2,3,4,5,6,7,8,9,10,11,12,13,14,15,16,17,18,19,20,21,22,23,24,25,26,27,28,29,30,31
Nthreads: 32  Runtime(sec): 10  Workload: 20/40/40  Throughput(Kops/sec): 811.68

MT_CONF=0,0,1,1,2,2,3,3,4,4,5,5,6,6,7,7,8,8,9,9,10,10,11,11,12,12,13,13,14,14,15,15,16,16,17,17,18,18,19,19,20,20,21,21,22,22,23,23,24,24,25,25,26,26,27,27,28,28,29,29,30,30,31,31
Nthreads: 64  Runtime(sec): 10  Workload: 20/40/40  Throughput(Kops/sec): 559.83

MT_CONF=0,0,0,0,1,1,1,1,2,2,2,2,3,3,3,3,4,4,4,4,5,5,5,5,6,6,6,6,7,7,7,7,8,8,8,8,9,9,9,9,10,10,10,10,11,11,11,11,12,12,12,12,13,13,13,13,14,14,14,14,15,15,15,15,16,16,16,16,17,17,17,17,18,18,18,18,19,19,19,19,20,20,20,20,21,21,21,21,22,22,22,22,23,23,23,23,24,24,24,24,25,25,25,25,26,26,26,26,27,27,27,27,28,28,28,28,29,29,29,29,30,30,30,30,31,31,31,31
Nthreads: 128  Runtime(sec): 10  Workload: 20/40/40  Throughput(Kops/sec): 411.49

#############################################################################################################################
MT_CONF=0
Nthreads: 1  Runtime(sec): 10  Workload: 0/50/50  Throughput(Kops/sec): 64.16

MT_CONF=0,1
Nthreads: 2  Runtime(sec): 10  Workload: 0/50/50  Throughput(Kops/sec): 121.65

MT_CONF=0,1,2,3
Nthreads: 4  Runtime(sec): 10  Workload: 0/50/50  Throughput(Kops/sec): 226.64

MT_CONF=0,1,2,3,4,5,6,7
Nthreads: 8  Runtime(sec): 10  Workload: 0/50/50  Throughput(Kops/sec): 343.59

MT_CONF=0,1,2,3,4,5,6,7,8,9,10,11,12,13,14,15
Nthreads: 16  Runtime(sec): 10  Workload: 0/50/50  Throughput(Kops/sec): 484.38

MT_CONF=0,1,2,3,4,5,6,7,8,9,10,11,12,13,14,15,16,17,18,19,20,21,22,23,24,25,26,27,28,29,30,31
Nthreads: 32  Runtime(sec): 10  Workload: 0/50/50  Throughput(Kops/sec): 773.51

MT_CONF=0,0,1,1,2,2,3,3,4,4,5,5,6,6,7,7,8,8,9,9,10,10,11,11,12,12,13,13,14,14,15,15,16,16,17,17,18,18,19,19,20,20,21,21,22,22,23,23,24,24,25,25,26,26,27,27,28,28,29,29,30,30,31,31
Nthreads: 64  Runtime(sec): 10  Workload: 0/50/50  Throughput(Kops/sec): 544.41

MT_CONF=0,0,0,0,1,1,1,1,2,2,2,2,3,3,3,3,4,4,4,4,5,5,5,5,6,6,6,6,7,7,7,7,8,8,8,8,9,9,9,9,10,10,10,10,11,11,11,11,12,12,12,12,13,13,13,13,14,14,14,14,15,15,15,15,16,16,16,16,17,17,17,17,18,18,18,18,19,19,19,19,20,20,20,20,21,21,21,21,22,22,22,22,23,23,23,23,24,24,24,24,25,25,25,25,26,26,26,26,27,27,27,27,28,28,28,28,29,29,29,29,30,30,30,30,31,31,31,31
Nthreads: 128  Runtime(sec): 10  Workload: 0/50/50  Throughput(Kops/sec): 342.72

